<?xml version="1.0" encoding="UTF-8"?>
<testsuite xmlns:xsi="http://www.w3.org/2001/XMLSchema-instance" xsi:noNamespaceSchemaLocation="https://maven.apache.org/surefire/maven-surefire-plugin/xsd/surefire-test-report-3.0.xsd" version="3.0" name="com.cuatroSReal.init.cuatroSRealApplicationTests" time="4.16" tests="1" errors="0" skipped="0" failures="0">
  <properties>
[...]
</properties>
  <testcase name="contextLoads" classname="com.cuatroSReal.init.cuatroSRealApplicationTests" time="1.112">
    <system-out><![CDATA[13:18:02.026 [main] INFO org.springframework.test.context.support.AnnotationConfigContextLoaderUtils -- Could not detect default configuration classes for test class [com.cuatroSReal.init.cuatroSRealApplicationTests]: cuatroSRealApplicationTests does not declare any static, non-private, non-final, nested classes annotated with @Configuration.
13:18:02.211 [main] INFO org.springframework.boot.test.context.SpringBootTestContextBootstrapper -- Found @SpringBootConfiguration com.cuatroSReal.init.CuatroSRealApplication for test class com.cuatroSReal.init.cuatroSRealApplicationTests
13:18:02.418 [main] INFO org.springframework.boot.devtools.restart.RestartApplicationListener -- Restart disabled due to context in which it is running

  .   ____          _            __ _ _
 /\\ / ___'_ __ _ _(_)_ __  __ _ \ \ \ \
( ( )\___ | '_ | '_| | '_ \/ _` | \ \ \ \
 \\/  ___)| |_)| | | | | || (_| |  ) ) ) )
  '  |____| .__|_| |_|_| |_\__, | / / / /
 =========|_|==============|___/=/_/_/_/

 :: Spring Boot ::                (v3.3.5)

2025-01-13T13:18:02.879-06:00  INFO 30905 --- [cuatroSRealApplication] [           main] c.c.init.cuatroSRealApplicationTests     : Starting cuatroSRealApplicationTests using Java 23.0.1 with PID 30905 (started by Usuario in /Users/Usuario/eclipse-workspace/4SRealEstateApplication)
2025-01-13T13:18:02.882-06:00  INFO 30905 --- [cuatroSRealApplication] [           main] c.c.init.cuatroSRealApplicationTests     : No active profile set, falling back to 1 default profile: "default"
2025-01-13T13:18:04.712-06:00  INFO 30905 --- [cuatroSRealApplication] [           main] c.c.init.cuatroSRealApplicationTests     : Started cuatroSRealApplicationTests in 2.308 seconds (process running for 3.943)
]]></system-out>
    <system-err><![CDATA[WARNING: A Java agent has been loaded dynamically (/Users/Usuario/.m2/repository/net/bytebuddy/byte-buddy-agent/1.14.19/byte-buddy-agent-1.14.19.jar)
WARNING: If a serviceability tool is in use, please run with -XX:+EnableDynamicAgentLoading to hide this warning
WARNING: If a serviceability tool is not in use, please run with -Djdk.instrument.traceUsage for more information
WARNING: Dynamic loading of agents will be disallowed by default in a future release
]]></system-err>
  </testcase>
</testsuite>